<?xml version="1.0" encoding="UTF-8"?>
<!-- Generated by org.testng.reporters.JUnitReportReporter -->
<testsuite hostname="Anil-Kumar" failures="0" tests="5" name="selenium.TESTNG_keyword" time="0.032" errors="0" timestamp="2023-07-27T11:37:05 IST" skipped="1">
  <testcase classname="selenium.TESTNG_keyword" name="TestC" time="0.016"/>
  <system-out/>
  <testcase classname="selenium.TESTNG_keyword" name="TestA" time="0.012"/>
  <system-out/>
  <testcase classname="selenium.TESTNG_keyword" name="TestB" time="0.002"/>
  <system-out/>
  <testcase classname="selenium.TESTNG_keyword" name="TestD" time="0.002"/>
  <system-out/>
  <testcase classname="selenium.TESTNG_keyword" name="TestE">
    <skipped/>
  </testcase> <!-- TestE -->
  <system-out/>
</testsuite> <!-- selenium.TESTNG_keyword -->
